<?xml version="1.0" encoding="UTF-8"?>
<!-- Generated by org.testng.reporters.JUnitXMLReporter -->
<testsuite ignored="0" hostname="CHNMCT637524L" failures="11" tests="11" name="Regression Test" time="0.077" errors="0" timestamp="2024-11-19T11:12:51 IST">
  <testcase classname="com.infy.pages.TestPages" name="loginApplication" time="0.009">
    <failure type="java.lang.AssertionError" message="Unable to Login ">
      <![CDATA[java.lang.AssertionError: Unable to Login 
at com.infy.testcases.TestCases.loginApplication(TestCases.java:49)
at com.infy.pages.TestPages.loginApplication(TestPages.java:18)
at java.base/java.util.ArrayList.forEach(ArrayList.java:1511)
... Removed 28 stack frames]]>
    </failure>
  </testcase> <!-- loginApplication -->
  <testcase classname="com.infy.pages.TestPages" name="textBox" time="0.013">
    <failure type="java.lang.AssertionError" message="Unable to enter text in text box ">
      <![CDATA[java.lang.AssertionError: Unable to enter text in text box 
at com.infy.testcases.TestCases.textBox(TestCases.java:97)
at com.infy.pages.TestPages.textBox(TestPages.java:24)
at java.base/java.util.ArrayList.forEach(ArrayList.java:1511)
... Removed 28 stack frames]]>
    </failure>
  </testcase> <!-- textBox -->
  <testcase classname="com.infy.pages.TestPages" name="dropDown" time="0.001">
    <failure type="java.lang.AssertionError" message="Unable to select dropdown ">
      <![CDATA[java.lang.AssertionError: Unable to select dropdown 
at com.infy.testcases.TestCases.dropDown(TestCases.java:125)
at com.infy.pages.TestPages.dropDown(TestPages.java:30)
at java.base/java.util.ArrayList.forEach(ArrayList.java:1511)
... Removed 28 stack frames]]>
    </failure>
  </testcase> <!-- dropDown -->
  <testcase classname="com.infy.pages.TestPages" name="checkBox" time="0.001">
    <failure type="java.lang.AssertionError" message="Unable to check in checkbox ">
      <![CDATA[java.lang.AssertionError: Unable to check in checkbox 
at com.infy.testcases.TestCases.checkBox(TestCases.java:163)
at com.infy.pages.TestPages.checkBox(TestPages.java:36)
at java.base/java.util.ArrayList.forEach(ArrayList.java:1511)
... Removed 28 stack frames]]>
    </failure>
  </testcase> <!-- checkBox -->
  <testcase classname="com.infy.pages.TestPages" name="dragAndDrop" time="0.001">
    <failure type="java.lang.AssertionError" message="Unable to do drag and drop">
      <![CDATA[java.lang.AssertionError: Unable to do drag and drop
at com.infy.testcases.TestCases.dragAndDrop(TestCases.java:189)
at com.infy.pages.TestPages.dragAndDrop(TestPages.java:42)
at java.base/java.util.ArrayList.forEach(ArrayList.java:1511)
... Removed 28 stack frames]]>
    </failure>
  </testcase> <!-- dragAndDrop -->
  <testcase classname="com.infy.pages.TestPages" name="uploadFile" time="0.002">
    <failure type="java.lang.AssertionError" message="Unable to upload file ">
      <![CDATA[java.lang.AssertionError: Unable to upload file 
at com.infy.testcases.TestCases.uploadFile(TestCases.java:215)
at com.infy.pages.TestPages.uploadFile(TestPages.java:48)
at java.base/java.util.ArrayList.forEach(ArrayList.java:1511)
... Removed 28 stack frames]]>
    </failure>
  </testcase> <!-- uploadFile -->
  <testcase classname="com.infy.pages.TestPages" name="mouseover" time="0.001">
    <failure type="java.lang.AssertionError" message="Unable to do mouse hover ">
      <![CDATA[java.lang.AssertionError: Unable to do mouse hover 
at com.infy.testcases.TestCases.mouseOver(TestCases.java:242)
at com.infy.pages.TestPages.mouseover(TestPages.java:54)
at java.base/java.util.ArrayList.forEach(ArrayList.java:1511)
... Removed 28 stack frames]]>
    </failure>
  </testcase> <!-- mouseover -->
  <testcase classname="com.infy.pages.TestPages" name="frame" time="0.001">
    <failure type="java.lang.AssertionError" message="Unable to switch between frames ">
      <![CDATA[java.lang.AssertionError: Unable to switch between frames 
at com.infy.testcases.TestCases.frame(TestCases.java:278)
at com.infy.pages.TestPages.frame(TestPages.java:60)
at java.base/java.util.ArrayList.forEach(ArrayList.java:1511)
... Removed 28 stack frames]]>
    </failure>
  </testcase> <!-- frame -->
  <testcase classname="com.infy.pages.TestPages" name="calender" time="0.002">
    <failure type="java.lang.AssertionError" message="Unable to select date in calender ">
      <![CDATA[java.lang.AssertionError: Unable to select date in calender 
at com.infy.testcases.TestCases.calender(TestCases.java:315)
at com.infy.pages.TestPages.calender(TestPages.java:66)
at java.base/java.util.ArrayList.forEach(ArrayList.java:1511)
... Removed 28 stack frames]]>
    </failure>
  </testcase> <!-- calender -->
  <testcase classname="com.infy.pages.TestPages" name="doubleClick" time="0.001">
    <failure type="java.lang.AssertionError" message="Unable to do double click ">
      <![CDATA[java.lang.AssertionError: Unable to do double click 
at com.infy.testcases.TestCases.doubleClick(TestCases.java:352)
at com.infy.pages.TestPages.doubleClick(TestPages.java:72)
at java.base/java.util.ArrayList.forEach(ArrayList.java:1511)
... Removed 28 stack frames]]>
    </failure>
  </testcase> <!-- doubleClick -->
  <testcase classname="com.infy.pages.TestPages" name="form" time="0.001">
    <failure type="java.lang.AssertionError" message="Unable to submit form ">
      <![CDATA[java.lang.AssertionError: Unable to submit form 
at com.infy.testcases.TestCases.form(TestCases.java:448)
at com.infy.pages.TestPages.form(TestPages.java:78)
at java.base/java.util.ArrayList.forEach(ArrayList.java:1511)
... Removed 28 stack frames]]>
    </failure>
  </testcase> <!-- form -->
</testsuite> <!-- Regression Test -->
